<?xml version="1.0" encoding="UTF-8"?>
<coverage generated="1589830311918" clover="3.2.0">
  <project timestamp="1589830311918" name="All files">
    <metrics statements="123" coveredstatements="90" conditionals="36" coveredconditionals="22" methods="20" coveredmethods="12" elements="179" coveredelements="124" complexity="0" loc="123" ncloc="123" packages="5" files="9" classes="9"/>
    <package name="calendar-journal">
      <metrics statements="10" coveredstatements="10" conditionals="0" coveredconditionals="0" methods="1" coveredmethods="0"/>
      <file name="app.js" path="/Users/nikitalukjanov/webdev/projects2020/calendar-journal/app.js">
        <metrics statements="10" coveredstatements="10" conditionals="0" coveredconditionals="0" methods="1" coveredmethods="0"/>
        <line num="3" count="1" type="stmt"/>
        <line num="4" count="1" type="stmt"/>
        <line num="5" count="1" type="stmt"/>
        <line num="6" count="1" type="stmt"/>
        <line num="7" count="1" type="stmt"/>
        <line num="9" count="1" type="stmt"/>
        <line num="10" count="1" type="stmt"/>
        <line num="12" count="1" type="stmt"/>
        <line num="14" count="1" type="stmt"/>
        <line num="16" count="1" type="stmt"/>
      </file>
    </package>
    <package name="calendar-journal.components.journals">
      <metrics statements="33" coveredstatements="29" conditionals="8" coveredconditionals="8" methods="4" coveredmethods="4"/>
      <file name="journalController.js" path="/Users/nikitalukjanov/webdev/projects2020/calendar-journal/components/journals/journalController.js">
        <metrics statements="30" coveredstatements="26" conditionals="8" coveredconditionals="8" methods="4" coveredmethods="4"/>
        <line num="1" count="1" type="stmt"/>
        <line num="4" count="1" type="stmt"/>
        <line num="5" count="1" type="stmt"/>
        <line num="6" count="1" type="stmt"/>
        <line num="8" count="0" type="stmt"/>
        <line num="15" count="2" type="stmt"/>
        <line num="16" count="2" type="stmt"/>
        <line num="17" count="1" type="stmt"/>
        <line num="21" count="1" type="stmt"/>
        <line num="28" count="3" type="stmt"/>
        <line num="29" count="3" type="stmt"/>
        <line num="30" count="3" type="cond" truecount="2" falsecount="0"/>
        <line num="31" count="1" type="stmt"/>
        <line num="32" count="2" type="cond" truecount="2" falsecount="0"/>
        <line num="33" count="1" type="stmt"/>
        <line num="34" count="1" type="stmt"/>
        <line num="35" count="1" type="stmt"/>
        <line num="36" count="1" type="stmt"/>
        <line num="38" count="0" type="stmt"/>
        <line num="39" count="0" type="stmt"/>
        <line num="46" count="3" type="stmt"/>
        <line num="47" count="3" type="stmt"/>
        <line num="48" count="3" type="cond" truecount="2" falsecount="0"/>
        <line num="49" count="1" type="stmt"/>
        <line num="50" count="2" type="cond" truecount="2" falsecount="0"/>
        <line num="51" count="1" type="stmt"/>
        <line num="52" count="1" type="stmt"/>
        <line num="53" count="1" type="stmt"/>
        <line num="55" count="0" type="stmt"/>
        <line num="61" count="1" type="stmt"/>
      </file>
      <file name="journalModel.js" path="/Users/nikitalukjanov/webdev/projects2020/calendar-journal/components/journals/journalModel.js">
        <metrics statements="3" coveredstatements="3" conditionals="0" coveredconditionals="0" methods="0" coveredmethods="0"/>
        <line num="1" count="1" type="stmt"/>
        <line num="3" count="1" type="stmt"/>
        <line num="15" count="1" type="stmt"/>
      </file>
    </package>
    <package name="calendar-journal.components.users">
      <metrics statements="42" coveredstatements="17" conditionals="12" coveredconditionals="3" methods="8" coveredmethods="2"/>
      <file name="userController.js" path="/Users/nikitalukjanov/webdev/projects2020/calendar-journal/components/users/userController.js">
        <metrics statements="22" coveredstatements="4" conditionals="6" coveredconditionals="0" methods="3" coveredmethods="0"/>
        <line num="1" count="1" type="stmt"/>
        <line num="2" count="1" type="stmt"/>
        <line num="3" count="1" type="stmt"/>
        <line num="6" count="0" type="stmt"/>
        <line num="7" count="0" type="stmt"/>
        <line num="8" count="0" type="stmt"/>
        <line num="12" count="0" type="stmt"/>
        <line num="19" count="0" type="stmt"/>
        <line num="20" count="0" type="stmt"/>
        <line num="21" count="0" type="cond" truecount="0" falsecount="4"/>
        <line num="22" count="0" type="stmt"/>
        <line num="24" count="0" type="stmt"/>
        <line num="27" count="0" type="stmt"/>
        <line num="31" count="0" type="stmt"/>
        <line num="32" count="0" type="stmt"/>
        <line num="37" count="0" type="stmt"/>
        <line num="38" count="0" type="stmt"/>
        <line num="39" count="0" type="cond" truecount="0" falsecount="2"/>
        <line num="40" count="0" type="stmt"/>
        <line num="42" count="0" type="stmt"/>
        <line num="43" count="0" type="stmt"/>
        <line num="47" count="1" type="stmt"/>
      </file>
      <file name="userModel.js" path="/Users/nikitalukjanov/webdev/projects2020/calendar-journal/components/users/userModel.js">
        <metrics statements="20" coveredstatements="13" conditionals="6" coveredconditionals="3" methods="5" coveredmethods="2"/>
        <line num="1" count="1" type="stmt"/>
        <line num="2" count="1" type="stmt"/>
        <line num="4" count="1" type="stmt"/>
        <line num="13" count="1" type="stmt"/>
        <line num="19" count="1" type="stmt"/>
        <line num="22" count="18" type="stmt"/>
        <line num="25" count="1" type="stmt"/>
        <line num="26" count="18" type="cond" truecount="1" falsecount="1"/>
        <line num="30" count="0" type="stmt"/>
        <line num="32" count="18" type="stmt"/>
        <line num="35" count="1" type="stmt"/>
        <line num="36" count="0" type="cond" truecount="0" falsecount="2"/>
        <line num="37" count="0" type="stmt"/>
        <line num="39" count="0" type="stmt"/>
        <line num="42" count="1" type="stmt"/>
        <line num="43" count="0" type="stmt"/>
        <line num="47" count="1" type="stmt"/>
        <line num="50" count="0" type="stmt"/>
        <line num="51" count="0" type="stmt"/>
        <line num="55" count="1" type="stmt"/>
      </file>
    </package>
    <package name="calendar-journal.config">
      <metrics statements="15" coveredstatements="15" conditionals="8" coveredconditionals="6" methods="0" coveredmethods="0"/>
      <file name="environment.js" path="/Users/nikitalukjanov/webdev/projects2020/calendar-journal/config/environment.js">
        <metrics statements="5" coveredstatements="5" conditionals="8" coveredconditionals="6" methods="0" coveredmethods="0"/>
        <line num="1" count="1" type="cond" truecount="1" falsecount="1"/>
        <line num="2" count="1" type="cond" truecount="1" falsecount="1"/>
        <line num="4" count="1" type="cond" truecount="2" falsecount="0"/>
        <line num="5" count="1" type="cond" truecount="2" falsecount="0"/>
        <line num="7" count="1" type="stmt"/>
      </file>
      <file name="router.js" path="/Users/nikitalukjanov/webdev/projects2020/calendar-journal/config/router.js">
        <metrics statements="10" coveredstatements="10" conditionals="0" coveredconditionals="0" methods="0" coveredmethods="0"/>
        <line num="1" count="1" type="stmt"/>
        <line num="2" count="1" type="stmt"/>
        <line num="3" count="1" type="stmt"/>
        <line num="4" count="1" type="stmt"/>
        <line num="6" count="1" type="stmt"/>
        <line num="7" count="1" type="stmt"/>
        <line num="8" count="1" type="stmt"/>
        <line num="10" count="1" type="stmt"/>
        <line num="12" count="1" type="stmt"/>
        <line num="14" count="1" type="stmt"/>
      </file>
    </package>
    <package name="calendar-journal.lib">
      <metrics statements="23" coveredstatements="19" conditionals="8" coveredconditionals="5" methods="7" coveredmethods="6"/>
      <file name="logger.js" path="/Users/nikitalukjanov/webdev/projects2020/calendar-journal/lib/logger.js">
        <metrics statements="4" coveredstatements="3" conditionals="2" coveredconditionals="1" methods="1" coveredmethods="1"/>
        <line num="2" count="15" type="cond" truecount="1" falsecount="1"/>
        <line num="3" count="0" type="stmt"/>
        <line num="5" count="15" type="stmt"/>
        <line num="8" count="1" type="stmt"/>
      </file>
      <file name="secureRoute.js" path="/Users/nikitalukjanov/webdev/projects2020/calendar-journal/lib/secureRoute.js">
        <metrics statements="19" coveredstatements="16" conditionals="6" coveredconditionals="4" methods="6" coveredmethods="5"/>
        <line num="1" count="1" type="stmt"/>
        <line num="2" count="1" type="stmt"/>
        <line num="3" count="1" type="stmt"/>
        <line num="5" count="15" type="cond" truecount="2" falsecount="0"/>
        <line num="6" count="6" type="stmt"/>
        <line num="7" count="6" type="stmt"/>
        <line num="9" count="9" type="stmt"/>
        <line num="10" count="9" type="stmt"/>
        <line num="11" count="9" type="stmt"/>
        <line num="12" count="9" type="cond" truecount="1" falsecount="1"/>
        <line num="13" count="9" type="stmt"/>
        <line num="16" count="9" type="stmt"/>
        <line num="18" count="9" type="cond" truecount="1" falsecount="1"/>
        <line num="19" count="0" type="stmt"/>
        <line num="20" count="0" type="stmt"/>
        <line num="22" count="9" type="stmt"/>
        <line num="23" count="9" type="stmt"/>
        <line num="25" count="0" type="stmt"/>
        <line num="27" count="1" type="stmt"/>
      </file>
    </package>
  </project>
</coverage>
