{"/Users/nikitalukjanov/webdev/projects2020/calendar-journal/app.js": {"path":"/Users/nikitalukjanov/webdev/projects2020/calendar-journal/app.js","statementMap":{"0":{"start":{"line":3,"column":16},"end":{"line":3,"column":34}},"1":{"start":{"line":4,"column":12},"end":{"line":4,"column":21}},"2":{"start":{"line":5,"column":19},"end":{"line":5,"column":41}},"3":{"start":{"line":6,"column":15},"end":{"line":6,"column":38}},"4":{"start":{"line":7,"column":15},"end":{"line":7,"column":41}},"5":{"start":{"line":9,"column":0},"end":{"line":9,"column":27}},"6":{"start":{"line":10,"column":0},"end":{"line":10,"column":16}},"7":{"start":{"line":12,"column":0},"end":{"line":12,"column":16}},"8":{"start":{"line":14,"column":0},"end":{"line":14,"column":52}},"9":{"start":{"line":14,"column":27},"end":{"line":14,"column":50}},"10":{"start":{"line":16,"column":0},"end":{"line":16,"column":21}}},"fnMap":{"0":{"name":"(anonymous_0)","decl":{"start":{"line":14,"column":13},"end":{"line":14,"column":14}},"loc":{"start":{"line":14,"column":27},"end":{"line":14,"column":50}},"line":14}},"branchMap":{},"s":{"0":1,"1":1,"2":1,"3":1,"4":1,"5":1,"6":1,"7":1,"8":1,"9":0,"10":1},"f":{"0":0},"b":{},"_coverageSchema":"1a1c01bbd47fc00a2c39e90264f33305004495a9","hash":"4b0421f9b8a82ce9490c5e09f19afee5e4574936"}
,"/Users/nikitalukjanov/webdev/projects2020/calendar-journal/components/journals/journalController.js": {"path":"/Users/nikitalukjanov/webdev/projects2020/calendar-journal/components/journals/journalController.js","statementMap":{"0":{"start":{"line":1,"column":16},"end":{"line":1,"column":41}},"1":{"start":{"line":4,"column":2},"end":{"line":11,"column":3}},"2":{"start":{"line":5,"column":20},"end":{"line":5,"column":71}},"3":{"start":{"line":6,"column":4},"end":{"line":6,"column":41}},"4":{"start":{"line":8,"column":4},"end":{"line":10,"column":68}},"5":{"start":{"line":15,"column":2},"end":{"line":24,"column":3}},"6":{"start":{"line":16,"column":25},"end":{"line":16,"column":55}},"7":{"start":{"line":17,"column":4},"end":{"line":19,"column":72}},"8":{"start":{"line":21,"column":4},"end":{"line":23,"column":68}},"9":{"start":{"line":28,"column":2},"end":{"line":42,"column":3}},"10":{"start":{"line":29,"column":23},"end":{"line":29,"column":60}},"11":{"start":{"line":30,"column":4},"end":{"line":31,"column":66}},"12":{"start":{"line":31,"column":6},"end":{"line":31,"column":66}},"13":{"start":{"line":32,"column":4},"end":{"line":33,"column":63}},"14":{"start":{"line":33,"column":6},"end":{"line":33,"column":63}},"15":{"start":{"line":34,"column":4},"end":{"line":34,"column":29}},"16":{"start":{"line":35,"column":4},"end":{"line":35,"column":22}},"17":{"start":{"line":36,"column":4},"end":{"line":36,"column":44}},"18":{"start":{"line":38,"column":4},"end":{"line":38,"column":21}},"19":{"start":{"line":39,"column":4},"end":{"line":41,"column":68}},"20":{"start":{"line":46,"column":2},"end":{"line":58,"column":3}},"21":{"start":{"line":47,"column":23},"end":{"line":47,"column":60}},"22":{"start":{"line":48,"column":4},"end":{"line":49,"column":66}},"23":{"start":{"line":49,"column":6},"end":{"line":49,"column":66}},"24":{"start":{"line":50,"column":4},"end":{"line":51,"column":63}},"25":{"start":{"line":51,"column":6},"end":{"line":51,"column":63}},"26":{"start":{"line":52,"column":4},"end":{"line":52,"column":27}},"27":{"start":{"line":53,"column":4},"end":{"line":53,"column":55}},"28":{"start":{"line":55,"column":4},"end":{"line":57,"column":68}},"29":{"start":{"line":61,"column":0},"end":{"line":61,"column":50}}},"fnMap":{"0":{"name":"index","decl":{"start":{"line":3,"column":15},"end":{"line":3,"column":20}},"loc":{"start":{"line":3,"column":31},"end":{"line":12,"column":1}},"line":3},"1":{"name":"create","decl":{"start":{"line":14,"column":15},"end":{"line":14,"column":21}},"loc":{"start":{"line":14,"column":32},"end":{"line":25,"column":1}},"line":14},"2":{"name":"edit","decl":{"start":{"line":27,"column":15},"end":{"line":27,"column":19}},"loc":{"start":{"line":27,"column":30},"end":{"line":43,"column":1}},"line":27},"3":{"name":"destroy","decl":{"start":{"line":45,"column":15},"end":{"line":45,"column":22}},"loc":{"start":{"line":45,"column":33},"end":{"line":59,"column":1}},"line":45}},"branchMap":{"0":{"loc":{"start":{"line":30,"column":4},"end":{"line":31,"column":66}},"type":"if","locations":[{"start":{"line":30,"column":4},"end":{"line":31,"column":66}},{"start":{"line":30,"column":4},"end":{"line":31,"column":66}}],"line":30},"1":{"loc":{"start":{"line":32,"column":4},"end":{"line":33,"column":63}},"type":"if","locations":[{"start":{"line":32,"column":4},"end":{"line":33,"column":63}},{"start":{"line":32,"column":4},"end":{"line":33,"column":63}}],"line":32},"2":{"loc":{"start":{"line":48,"column":4},"end":{"line":49,"column":66}},"type":"if","locations":[{"start":{"line":48,"column":4},"end":{"line":49,"column":66}},{"start":{"line":48,"column":4},"end":{"line":49,"column":66}}],"line":48},"3":{"loc":{"start":{"line":50,"column":4},"end":{"line":51,"column":63}},"type":"if","locations":[{"start":{"line":50,"column":4},"end":{"line":51,"column":63}},{"start":{"line":50,"column":4},"end":{"line":51,"column":63}}],"line":50}},"s":{"0":1,"1":1,"2":1,"3":1,"4":0,"5":2,"6":2,"7":1,"8":1,"9":3,"10":3,"11":3,"12":1,"13":2,"14":1,"15":1,"16":1,"17":1,"18":0,"19":0,"20":3,"21":3,"22":3,"23":1,"24":2,"25":1,"26":1,"27":1,"28":0,"29":1},"f":{"0":1,"1":2,"2":3,"3":3},"b":{"0":[1,2],"1":[1,1],"2":[1,2],"3":[1,1]},"_coverageSchema":"1a1c01bbd47fc00a2c39e90264f33305004495a9","hash":"8cdd2b0947e30381e93e74af1c7e093423bea1fb"}
,"/Users/nikitalukjanov/webdev/projects2020/calendar-journal/components/journals/journalModel.js": {"path":"/Users/nikitalukjanov/webdev/projects2020/calendar-journal/components/journals/journalModel.js","statementMap":{"0":{"start":{"line":1,"column":17},"end":{"line":1,"column":36}},"1":{"start":{"line":3,"column":22},"end":{"line":13,"column":1}},"2":{"start":{"line":15,"column":0},"end":{"line":15,"column":58}}},"fnMap":{},"branchMap":{},"s":{"0":1,"1":1,"2":1},"f":{},"b":{},"_coverageSchema":"1a1c01bbd47fc00a2c39e90264f33305004495a9","hash":"b20e30d0ba53a8c9260c8bde7a767c744ef0ba3c"}
,"/Users/nikitalukjanov/webdev/projects2020/calendar-journal/components/users/userController.js": {"path":"/Users/nikitalukjanov/webdev/projects2020/calendar-journal/components/users/userController.js","statementMap":{"0":{"start":{"line":1,"column":13},"end":{"line":1,"column":35}},"1":{"start":{"line":2,"column":12},"end":{"line":2,"column":35}},"2":{"start":{"line":3,"column":19},"end":{"line":3,"column":54}},"3":{"start":{"line":6,"column":2},"end":{"line":15,"column":3}},"4":{"start":{"line":7,"column":17},"end":{"line":7,"column":44}},"5":{"start":{"line":8,"column":4},"end":{"line":10,"column":71}},"6":{"start":{"line":12,"column":4},"end":{"line":14,"column":68}},"7":{"start":{"line":19,"column":2},"end":{"line":33,"column":3}},"8":{"start":{"line":20,"column":17},"end":{"line":20,"column":68}},"9":{"start":{"line":21,"column":4},"end":{"line":23,"column":5}},"10":{"start":{"line":22,"column":6},"end":{"line":22,"column":63}},"11":{"start":{"line":24,"column":18},"end":{"line":26,"column":6}},"12":{"start":{"line":27,"column":4},"end":{"line":29,"column":65}},"13":{"start":{"line":31,"column":4},"end":{"line":31,"column":21}},"14":{"start":{"line":32,"column":4},"end":{"line":32,"column":61}},"15":{"start":{"line":37,"column":2},"end":{"line":44,"column":3}},"16":{"start":{"line":38,"column":17},"end":{"line":38,"column":57}},"17":{"start":{"line":39,"column":4},"end":{"line":39,"column":47}},"18":{"start":{"line":39,"column":15},"end":{"line":39,"column":47}},"19":{"start":{"line":40,"column":4},"end":{"line":40,"column":38}},"20":{"start":{"line":42,"column":4},"end":{"line":42,"column":21}},"21":{"start":{"line":43,"column":4},"end":{"line":43,"column":61}},"22":{"start":{"line":47,"column":0},"end":{"line":47,"column":48}}},"fnMap":{"0":{"name":"register","decl":{"start":{"line":5,"column":15},"end":{"line":5,"column":23}},"loc":{"start":{"line":5,"column":34},"end":{"line":16,"column":1}},"line":5},"1":{"name":"login","decl":{"start":{"line":18,"column":15},"end":{"line":18,"column":20}},"loc":{"start":{"line":18,"column":31},"end":{"line":34,"column":1}},"line":18},"2":{"name":"myjournal","decl":{"start":{"line":36,"column":15},"end":{"line":36,"column":24}},"loc":{"start":{"line":36,"column":35},"end":{"line":45,"column":1}},"line":36}},"branchMap":{"0":{"loc":{"start":{"line":21,"column":4},"end":{"line":23,"column":5}},"type":"if","locations":[{"start":{"line":21,"column":4},"end":{"line":23,"column":5}},{"start":{"line":21,"column":4},"end":{"line":23,"column":5}}],"line":21},"1":{"loc":{"start":{"line":21,"column":8},"end":{"line":21,"column":58}},"type":"binary-expr","locations":[{"start":{"line":21,"column":8},"end":{"line":21,"column":13}},{"start":{"line":21,"column":17},"end":{"line":21,"column":58}}],"line":21},"2":{"loc":{"start":{"line":39,"column":4},"end":{"line":39,"column":47}},"type":"if","locations":[{"start":{"line":39,"column":4},"end":{"line":39,"column":47}},{"start":{"line":39,"column":4},"end":{"line":39,"column":47}}],"line":39}},"s":{"0":1,"1":1,"2":1,"3":0,"4":0,"5":0,"6":0,"7":0,"8":0,"9":0,"10":0,"11":0,"12":0,"13":0,"14":0,"15":0,"16":0,"17":0,"18":0,"19":0,"20":0,"21":0,"22":1},"f":{"0":0,"1":0,"2":0},"b":{"0":[0,0],"1":[0,0],"2":[0,0]},"_coverageSchema":"1a1c01bbd47fc00a2c39e90264f33305004495a9","hash":"07ea69d7114d70a53c623378fc086e9b9cd75532"}
,"/Users/nikitalukjanov/webdev/projects2020/calendar-journal/components/users/userModel.js": {"path":"/Users/nikitalukjanov/webdev/projects2020/calendar-journal/components/users/userModel.js","statementMap":{"0":{"start":{"line":1,"column":17},"end":{"line":1,"column":36}},"1":{"start":{"line":2,"column":15},"end":{"line":2,"column":32}},"2":{"start":{"line":4,"column":19},"end":{"line":11,"column":1}},"3":{"start":{"line":13,"column":0},"end":{"line":17,"column":3}},"4":{"start":{"line":19,"column":0},"end":{"line":23,"column":5}},"5":{"start":{"line":22,"column":4},"end":{"line":22,"column":54}},"6":{"start":{"line":25,"column":0},"end":{"line":33,"column":3}},"7":{"start":{"line":26,"column":2},"end":{"line":31,"column":3}},"8":{"start":{"line":30,"column":4},"end":{"line":30,"column":70}},"9":{"start":{"line":32,"column":2},"end":{"line":32,"column":9}},"10":{"start":{"line":35,"column":0},"end":{"line":40,"column":3}},"11":{"start":{"line":36,"column":2},"end":{"line":38,"column":3}},"12":{"start":{"line":37,"column":4},"end":{"line":37,"column":74}},"13":{"start":{"line":39,"column":2},"end":{"line":39,"column":9}},"14":{"start":{"line":42,"column":0},"end":{"line":44,"column":2}},"15":{"start":{"line":43,"column":2},"end":{"line":43,"column":53}},"16":{"start":{"line":47,"column":0},"end":{"line":53,"column":3}},"17":{"start":{"line":50,"column":4},"end":{"line":50,"column":25}},"18":{"start":{"line":51,"column":4},"end":{"line":51,"column":16}},"19":{"start":{"line":55,"column":0},"end":{"line":55,"column":52}}},"fnMap":{"0":{"name":"setPasswordConfirmation","decl":{"start":{"line":21,"column":16},"end":{"line":21,"column":39}},"loc":{"start":{"line":21,"column":62},"end":{"line":23,"column":3}},"line":21},"1":{"name":"checkPassword","decl":{"start":{"line":25,"column":36},"end":{"line":25,"column":49}},"loc":{"start":{"line":25,"column":56},"end":{"line":33,"column":1}},"line":25},"2":{"name":"hashPassword","decl":{"start":{"line":35,"column":32},"end":{"line":35,"column":44}},"loc":{"start":{"line":35,"column":51},"end":{"line":40,"column":1}},"line":35},"3":{"name":"validatePassword","decl":{"start":{"line":42,"column":47},"end":{"line":42,"column":63}},"loc":{"start":{"line":42,"column":74},"end":{"line":44,"column":1}},"line":42},"4":{"name":"(anonymous_4)","decl":{"start":{"line":49,"column":2},"end":{"line":49,"column":3}},"loc":{"start":{"line":49,"column":23},"end":{"line":52,"column":3}},"line":49}},"branchMap":{"0":{"loc":{"start":{"line":26,"column":2},"end":{"line":31,"column":3}},"type":"if","locations":[{"start":{"line":26,"column":2},"end":{"line":31,"column":3}},{"start":{"line":26,"column":2},"end":{"line":31,"column":3}}],"line":26},"1":{"loc":{"start":{"line":27,"column":4},"end":{"line":28,"column":48}},"type":"binary-expr","locations":[{"start":{"line":27,"column":4},"end":{"line":27,"column":31}},{"start":{"line":28,"column":4},"end":{"line":28,"column":48}}],"line":27},"2":{"loc":{"start":{"line":36,"column":2},"end":{"line":38,"column":3}},"type":"if","locations":[{"start":{"line":36,"column":2},"end":{"line":38,"column":3}},{"start":{"line":36,"column":2},"end":{"line":38,"column":3}}],"line":36}},"s":{"0":1,"1":1,"2":1,"3":1,"4":1,"5":18,"6":1,"7":18,"8":0,"9":18,"10":1,"11":0,"12":0,"13":0,"14":1,"15":0,"16":1,"17":0,"18":0,"19":1},"f":{"0":18,"1":18,"2":0,"3":0,"4":0},"b":{"0":[0,18],"1":[18,18],"2":[0,0]},"_coverageSchema":"1a1c01bbd47fc00a2c39e90264f33305004495a9","hash":"70fdd18e4c7c355340b1b7996120741d665b0d8a"}
,"/Users/nikitalukjanov/webdev/projects2020/calendar-journal/config/environment.js": {"path":"/Users/nikitalukjanov/webdev/projects2020/calendar-journal/config/environment.js","statementMap":{"0":{"start":{"line":1,"column":12},"end":{"line":1,"column":49}},"1":{"start":{"line":2,"column":13},"end":{"line":2,"column":37}},"2":{"start":{"line":4,"column":2},"end":{"line":4,"column":74}},"3":{"start":{"line":5,"column":15},"end":{"line":5,"column":48}},"4":{"start":{"line":7,"column":0},"end":{"line":11,"column":2}}},"fnMap":{},"branchMap":{"0":{"loc":{"start":{"line":1,"column":12},"end":{"line":1,"column":49}},"type":"binary-expr","locations":[{"start":{"line":1,"column":12},"end":{"line":1,"column":32}},{"start":{"line":1,"column":36},"end":{"line":1,"column":49}}],"line":1},"1":{"loc":{"start":{"line":2,"column":13},"end":{"line":2,"column":37}},"type":"binary-expr","locations":[{"start":{"line":2,"column":13},"end":{"line":2,"column":29}},{"start":{"line":2,"column":33},"end":{"line":2,"column":37}}],"line":2},"2":{"loc":{"start":{"line":4,"column":2},"end":{"line":4,"column":74}},"type":"binary-expr","locations":[{"start":{"line":4,"column":2},"end":{"line":4,"column":25}},{"start":{"line":4,"column":29},"end":{"line":4,"column":74}}],"line":4},"3":{"loc":{"start":{"line":5,"column":15},"end":{"line":5,"column":48}},"type":"binary-expr","locations":[{"start":{"line":5,"column":15},"end":{"line":5,"column":33}},{"start":{"line":5,"column":37},"end":{"line":5,"column":48}}],"line":5}},"s":{"0":1,"1":1,"2":1,"3":1,"4":1},"f":{},"b":{"0":[1,0],"1":[1,0],"2":[1,1],"3":[1,1]},"_coverageSchema":"1a1c01bbd47fc00a2c39e90264f33305004495a9","hash":"091327b326b3238f6ddff4eadb73f21bef8fe48c"}
,"/Users/nikitalukjanov/webdev/projects2020/calendar-journal/config/router.js": {"path":"/Users/nikitalukjanov/webdev/projects2020/calendar-journal/config/router.js","statementMap":{"0":{"start":{"line":1,"column":15},"end":{"line":1,"column":42}},"1":{"start":{"line":2,"column":14},"end":{"line":2,"column":59}},"2":{"start":{"line":3,"column":16},"end":{"line":3,"column":67}},"3":{"start":{"line":4,"column":20},"end":{"line":4,"column":49}},"4":{"start":{"line":6,"column":0},"end":{"line":6,"column":47}},"5":{"start":{"line":7,"column":0},"end":{"line":7,"column":41}},"6":{"start":{"line":8,"column":0},"end":{"line":8,"column":61}},"7":{"start":{"line":10,"column":0},"end":{"line":10,"column":91}},"8":{"start":{"line":12,"column":0},"end":{"line":12,"column":97}},"9":{"start":{"line":14,"column":0},"end":{"line":14,"column":24}}},"fnMap":{},"branchMap":{},"s":{"0":1,"1":1,"2":1,"3":1,"4":1,"5":1,"6":1,"7":1,"8":1,"9":1},"f":{},"b":{},"_coverageSchema":"1a1c01bbd47fc00a2c39e90264f33305004495a9","hash":"8ec9819efeb32e1a39f33de15d371c073b1ed3a3"}
,"/Users/nikitalukjanov/webdev/projects2020/calendar-journal/lib/logger.js": {"path":"/Users/nikitalukjanov/webdev/projects2020/calendar-journal/lib/logger.js","statementMap":{"0":{"start":{"line":2,"column":2},"end":{"line":4,"column":3}},"1":{"start":{"line":3,"column":4},"end":{"line":3,"column":56}},"2":{"start":{"line":5,"column":2},"end":{"line":5,"column":9}},"3":{"start":{"line":8,"column":0},"end":{"line":8,"column":24}}},"fnMap":{"0":{"name":"logger","decl":{"start":{"line":1,"column":9},"end":{"line":1,"column":15}},"loc":{"start":{"line":1,"column":32},"end":{"line":6,"column":1}},"line":1}},"branchMap":{"0":{"loc":{"start":{"line":2,"column":2},"end":{"line":4,"column":3}},"type":"if","locations":[{"start":{"line":2,"column":2},"end":{"line":4,"column":3}},{"start":{"line":2,"column":2},"end":{"line":4,"column":3}}],"line":2}},"s":{"0":15,"1":0,"2":15,"3":1},"f":{"0":15},"b":{"0":[0,15]},"_coverageSchema":"1a1c01bbd47fc00a2c39e90264f33305004495a9","hash":"125c7d0ff9d0bb2b8aca62e8b2c636346d50b945"}
,"/Users/nikitalukjanov/webdev/projects2020/calendar-journal/lib/secureRoute.js": {"path":"/Users/nikitalukjanov/webdev/projects2020/calendar-journal/lib/secureRoute.js","statementMap":{"0":{"start":{"line":1,"column":12},"end":{"line":1,"column":35}},"1":{"start":{"line":2,"column":19},"end":{"line":2,"column":51}},"2":{"start":{"line":3,"column":13},"end":{"line":3,"column":53}},"3":{"start":{"line":5,"column":2},"end":{"line":8,"column":3}},"4":{"start":{"line":6,"column":4},"end":{"line":6,"column":48}},"5":{"start":{"line":7,"column":4},"end":{"line":7,"column":61}},"6":{"start":{"line":9,"column":16},"end":{"line":9,"column":64}},"7":{"start":{"line":10,"column":2},"end":{"line":25,"column":68}},"8":{"start":{"line":11,"column":4},"end":{"line":14,"column":7}},"9":{"start":{"line":12,"column":6},"end":{"line":12,"column":34}},"10":{"start":{"line":12,"column":15},"end":{"line":12,"column":34}},"11":{"start":{"line":13,"column":6},"end":{"line":13,"column":23}},"12":{"start":{"line":16,"column":23},"end":{"line":16,"column":49}},"13":{"start":{"line":18,"column":6},"end":{"line":21,"column":7}},"14":{"start":{"line":19,"column":8},"end":{"line":19,"column":37}},"15":{"start":{"line":20,"column":8},"end":{"line":20,"column":65}},"16":{"start":{"line":22,"column":6},"end":{"line":22,"column":29}},"17":{"start":{"line":23,"column":6},"end":{"line":23,"column":13}},"18":{"start":{"line":25,"column":17},"end":{"line":25,"column":66}},"19":{"start":{"line":27,"column":0},"end":{"line":27,"column":29}}},"fnMap":{"0":{"name":"secureRoute","decl":{"start":{"line":4,"column":9},"end":{"line":4,"column":20}},"loc":{"start":{"line":4,"column":37},"end":{"line":26,"column":1}},"line":4},"1":{"name":"(anonymous_1)","decl":{"start":{"line":10,"column":14},"end":{"line":10,"column":15}},"loc":{"start":{"line":10,"column":35},"end":{"line":15,"column":3}},"line":10},"2":{"name":"(anonymous_2)","decl":{"start":{"line":11,"column":30},"end":{"line":11,"column":31}},"loc":{"start":{"line":11,"column":48},"end":{"line":14,"column":5}},"line":11},"3":{"name":"(anonymous_3)","decl":{"start":{"line":16,"column":10},"end":{"line":16,"column":11}},"loc":{"start":{"line":16,"column":23},"end":{"line":16,"column":49}},"line":16},"4":{"name":"(anonymous_4)","decl":{"start":{"line":17,"column":10},"end":{"line":17,"column":11}},"loc":{"start":{"line":17,"column":20},"end":{"line":24,"column":5}},"line":17},"5":{"name":"(anonymous_5)","decl":{"start":{"line":25,"column":11},"end":{"line":25,"column":12}},"loc":{"start":{"line":25,"column":17},"end":{"line":25,"column":66}},"line":25}},"branchMap":{"0":{"loc":{"start":{"line":5,"column":2},"end":{"line":8,"column":3}},"type":"if","locations":[{"start":{"line":5,"column":2},"end":{"line":8,"column":3}},{"start":{"line":5,"column":2},"end":{"line":8,"column":3}}],"line":5},"1":{"loc":{"start":{"line":12,"column":6},"end":{"line":12,"column":34}},"type":"if","locations":[{"start":{"line":12,"column":6},"end":{"line":12,"column":34}},{"start":{"line":12,"column":6},"end":{"line":12,"column":34}}],"line":12},"2":{"loc":{"start":{"line":18,"column":6},"end":{"line":21,"column":7}},"type":"if","locations":[{"start":{"line":18,"column":6},"end":{"line":21,"column":7}},{"start":{"line":18,"column":6},"end":{"line":21,"column":7}}],"line":18}},"s":{"0":1,"1":1,"2":1,"3":15,"4":6,"5":6,"6":9,"7":9,"8":9,"9":9,"10":0,"11":9,"12":9,"13":9,"14":0,"15":0,"16":9,"17":9,"18":0,"19":1},"f":{"0":15,"1":9,"2":9,"3":9,"4":9,"5":0},"b":{"0":[6,9],"1":[0,9],"2":[0,9]},"_coverageSchema":"1a1c01bbd47fc00a2c39e90264f33305004495a9","hash":"9574dda24419309279f0df5338323a0186477fe8"}
}
