TN:
SF:app.js
FN:14,(anonymous_0)
FNF:1
FNH:0
FNDA:0,(anonymous_0)
DA:3,1
DA:4,1
DA:5,1
DA:6,1
DA:7,1
DA:9,1
DA:10,1
DA:12,1
DA:14,1
DA:16,1
LF:10
LH:10
BRF:0
BRH:0
end_of_record
TN:
SF:components/journals/journalController.js
FN:3,index
FN:14,create
FN:27,edit
FN:45,destroy
FNF:4
FNH:4
FNDA:1,index
FNDA:2,create
FNDA:3,edit
FNDA:3,destroy
DA:1,1
DA:4,1
DA:5,1
DA:6,1
DA:8,0
DA:15,2
DA:16,2
DA:17,1
DA:21,1
DA:28,3
DA:29,3
DA:30,3
DA:31,1
DA:32,2
DA:33,1
DA:34,1
DA:35,1
DA:36,1
DA:38,0
DA:39,0
DA:46,3
DA:47,3
DA:48,3
DA:49,1
DA:50,2
DA:51,1
DA:52,1
DA:53,1
DA:55,0
DA:61,1
LF:30
LH:26
BRDA:30,0,0,1
BRDA:30,0,1,2
BRDA:32,1,0,1
BRDA:32,1,1,1
BRDA:48,2,0,1
BRDA:48,2,1,2
BRDA:50,3,0,1
BRDA:50,3,1,1
BRF:8
BRH:8
end_of_record
TN:
SF:components/journals/journalModel.js
FNF:0
FNH:0
DA:1,1
DA:3,1
DA:15,1
LF:3
LH:3
BRF:0
BRH:0
end_of_record
TN:
SF:components/users/userController.js
FN:5,register
FN:18,login
FN:36,myjournal
FNF:3
FNH:0
FNDA:0,register
FNDA:0,login
FNDA:0,myjournal
DA:1,1
DA:2,1
DA:3,1
DA:6,0
DA:7,0
DA:8,0
DA:12,0
DA:19,0
DA:20,0
DA:21,0
DA:22,0
DA:24,0
DA:27,0
DA:31,0
DA:32,0
DA:37,0
DA:38,0
DA:39,0
DA:40,0
DA:42,0
DA:43,0
DA:47,1
LF:22
LH:4
BRDA:21,0,0,0
BRDA:21,0,1,0
BRDA:21,1,0,0
BRDA:21,1,1,0
BRDA:39,2,0,0
BRDA:39,2,1,0
BRF:6
BRH:0
end_of_record
TN:
SF:components/users/userModel.js
FN:21,setPasswordConfirmation
FN:25,checkPassword
FN:35,hashPassword
FN:42,validatePassword
FN:49,(anonymous_4)
FNF:5
FNH:2
FNDA:18,setPasswordConfirmation
FNDA:18,checkPassword
FNDA:0,hashPassword
FNDA:0,validatePassword
FNDA:0,(anonymous_4)
DA:1,1
DA:2,1
DA:4,1
DA:13,1
DA:19,1
DA:22,18
DA:25,1
DA:26,18
DA:30,0
DA:32,18
DA:35,1
DA:36,0
DA:37,0
DA:39,0
DA:42,1
DA:43,0
DA:47,1
DA:50,0
DA:51,0
DA:55,1
LF:20
LH:13
BRDA:26,0,0,0
BRDA:26,0,1,18
BRDA:27,1,0,18
BRDA:27,1,1,18
BRDA:36,2,0,0
BRDA:36,2,1,0
BRF:6
BRH:3
end_of_record
TN:
SF:config/environment.js
FNF:0
FNH:0
DA:1,1
DA:2,1
DA:4,1
DA:5,1
DA:7,1
LF:5
LH:5
BRDA:1,0,0,1
BRDA:1,0,1,0
BRDA:2,1,0,1
BRDA:2,1,1,0
BRDA:4,2,0,1
BRDA:4,2,1,1
BRDA:5,3,0,1
BRDA:5,3,1,1
BRF:8
BRH:6
end_of_record
TN:
SF:config/router.js
FNF:0
FNH:0
DA:1,1
DA:2,1
DA:3,1
DA:4,1
DA:6,1
DA:7,1
DA:8,1
DA:10,1
DA:12,1
DA:14,1
LF:10
LH:10
BRF:0
BRH:0
end_of_record
TN:
SF:lib/logger.js
FN:1,logger
FNF:1
FNH:1
FNDA:15,logger
DA:2,15
DA:3,0
DA:5,15
DA:8,1
LF:4
LH:3
BRDA:2,0,0,0
BRDA:2,0,1,15
BRF:2
BRH:1
end_of_record
TN:
SF:lib/secureRoute.js
FN:4,secureRoute
FN:10,(anonymous_1)
FN:11,(anonymous_2)
FN:16,(anonymous_3)
FN:17,(anonymous_4)
FN:25,(anonymous_5)
FNF:6
FNH:5
FNDA:15,secureRoute
FNDA:9,(anonymous_1)
FNDA:9,(anonymous_2)
FNDA:9,(anonymous_3)
FNDA:9,(anonymous_4)
FNDA:0,(anonymous_5)
DA:1,1
DA:2,1
DA:3,1
DA:5,15
DA:6,6
DA:7,6
DA:9,9
DA:10,9
DA:11,9
DA:12,9
DA:13,9
DA:16,9
DA:18,9
DA:19,0
DA:20,0
DA:22,9
DA:23,9
DA:25,0
DA:27,1
LF:19
LH:16
BRDA:5,0,0,6
BRDA:5,0,1,9
BRDA:12,1,0,0
BRDA:12,1,1,9
BRDA:18,2,0,0
BRDA:18,2,1,9
BRF:6
BRH:4
end_of_record
